[2023-01-01 03:41:46] local.ERROR: Class "DOMDocument" not found {"exception":"[object] (Error(code: 0): Class \"DOMDocument\" not found at /mnt/c/laragon/www/duanreact/react-laravel-shopping/vendor/nunomaduro/termwind/src/HtmlRenderer.php:32)
[stacktrace]
#0 /mnt/c/laragon/www/duanreact/react-laravel-shopping/vendor/nunomaduro/termwind/src/HtmlRenderer.php(24): Termwind\\HtmlRenderer->parse()
#1 /mnt/c/laragon/www/duanreact/react-laravel-shopping/vendor/nunomaduro/termwind/src/Functions.php(41): Termwind\\HtmlRenderer->render()
#2 /mnt/c/laragon/www/duanreact/react-laravel-shopping/vendor/laravel/framework/src/Illuminate/Console/View/Components/Component.php(51): Termwind\\render()
#3 /mnt/c/laragon/www/duanreact/react-laravel-shopping/vendor/laravel/framework/src/Illuminate/Console/View/Components/Line.php(49): Illuminate\\Console\\View\\Components\\Component->renderView()
#4 /mnt/c/laragon/www/duanreact/react-laravel-shopping/vendor/laravel/framework/src/Illuminate/Console/View/Components/Info.php(18): Illuminate\\Console\\View\\Components\\Line->render()
#5 /mnt/c/laragon/www/duanreact/react-laravel-shopping/vendor/laravel/framework/src/Illuminate/Console/View/Components/Factory.php(56): Illuminate\\Console\\View\\Components\\Info->render()
#6 /mnt/c/laragon/www/duanreact/react-laravel-shopping/vendor/laravel/framework/src/Illuminate/Foundation/Console/ServeCommand.php(244): Illuminate\\Console\\View\\Components\\Factory->__call()
#7 /mnt/c/laragon/www/duanreact/react-laravel-shopping/vendor/laravel/framework/src/Illuminate/Collections/Traits/EnumeratesValues.php(236): Illuminate\\Foundation\\Console\\ServeCommand->Illuminate\\Foundation\\Console\\{closure}()
#8 /mnt/c/laragon/www/duanreact/react-laravel-shopping/vendor/laravel/framework/src/Illuminate/Foundation/Console/ServeCommand.php(291): Illuminate\\Support\\Collection->each()
#9 /mnt/c/laragon/www/duanreact/react-laravel-shopping/vendor/symfony/process/Process.php(1270): Illuminate\\Foundation\\Console\\ServeCommand->Illuminate\\Foundation\\Console\\{closure}()
#10 /mnt/c/laragon/www/duanreact/react-laravel-shopping/vendor/symfony/process/Process.php(1368): Symfony\\Component\\Process\\Process->Symfony\\Component\\Process\\{closure}()
#11 /mnt/c/laragon/www/duanreact/react-laravel-shopping/vendor/symfony/process/Process.php(1288): Symfony\\Component\\Process\\Process->readPipes()
#12 /mnt/c/laragon/www/duanreact/react-laravel-shopping/vendor/symfony/process/Process.php(836): Symfony\\Component\\Process\\Process->updateStatus()
#13 /mnt/c/laragon/www/duanreact/react-laravel-shopping/vendor/laravel/framework/src/Illuminate/Foundation/Console/ServeCommand.php(100): Symfony\\Component\\Process\\Process->isRunning()
#14 /mnt/c/laragon/www/duanreact/react-laravel-shopping/vendor/laravel/framework/src/Illuminate/Container/BoundMethod.php(36): Illuminate\\Foundation\\Console\\ServeCommand->handle()
#15 /mnt/c/laragon/www/duanreact/react-laravel-shopping/vendor/laravel/framework/src/Illuminate/Container/Util.php(41): Illuminate\\Container\\BoundMethod::Illuminate\\Container\\{closure}()
#16 /mnt/c/laragon/www/duanreact/react-laravel-shopping/vendor/laravel/framework/src/Illuminate/Container/BoundMethod.php(93): Illuminate\\Container\\Util::unwrapIfClosure()
#17 /mnt/c/laragon/www/duanreact/react-laravel-shopping/vendor/laravel/framework/src/Illuminate/Container/BoundMethod.php(37): Illuminate\\Container\\BoundMethod::callBoundMethod()
#18 /mnt/c/laragon/www/duanreact/react-laravel-shopping/vendor/laravel/framework/src/Illuminate/Container/Container.php(651): Illuminate\\Container\\BoundMethod::call()
#19 /mnt/c/laragon/www/duanreact/react-laravel-shopping/vendor/laravel/framework/src/Illuminate/Console/Command.php(182): Illuminate\\Container\\Container->call()
#20 /mnt/c/laragon/www/duanreact/react-laravel-shopping/vendor/symfony/console/Command/Command.php(312): Illuminate\\Console\\Command->execute()
#21 /mnt/c/laragon/www/duanreact/react-laravel-shopping/vendor/laravel/framework/src/Illuminate/Console/Command.php(152): Symfony\\Component\\Console\\Command\\Command->run()
#22 /mnt/c/laragon/www/duanreact/react-laravel-shopping/vendor/symfony/console/Application.php(1022): Illuminate\\Console\\Command->run()
#23 /mnt/c/laragon/www/duanreact/react-laravel-shopping/vendor/symfony/console/Application.php(314): Symfony\\Component\\Console\\Application->doRunCommand()
#24 /mnt/c/laragon/www/duanreact/react-laravel-shopping/vendor/symfony/console/Application.php(168): Symfony\\Component\\Console\\Application->doRun()
#25 /mnt/c/laragon/www/duanreact/react-laravel-shopping/vendor/laravel/framework/src/Illuminate/Console/Application.php(102): Symfony\\Component\\Console\\Application->run()
#26 /mnt/c/laragon/www/duanreact/react-laravel-shopping/vendor/laravel/framework/src/Illuminate/Foundation/Console/Kernel.php(155): Illuminate\\Console\\Application->run()
#27 /mnt/c/laragon/www/duanreact/react-laravel-shopping/artisan(37): Illuminate\\Foundation\\Console\\Kernel->handle()
#28 {main}
"} 
[2023-01-01 03:42:49] local.ERROR: Class "DOMDocument" not found {"exception":"[object] (Error(code: 0): Class \"DOMDocument\" not found at /mnt/c/laragon/www/duanreact/react-laravel-shopping/vendor/nunomaduro/termwind/src/HtmlRenderer.php:32)
[stacktrace]
#0 /mnt/c/laragon/www/duanreact/react-laravel-shopping/vendor/nunomaduro/termwind/src/HtmlRenderer.php(24): Termwind\\HtmlRenderer->parse()
#1 /mnt/c/laragon/www/duanreact/react-laravel-shopping/vendor/nunomaduro/termwind/src/Functions.php(41): Termwind\\HtmlRenderer->render()
#2 /mnt/c/laragon/www/duanreact/react-laravel-shopping/vendor/laravel/framework/src/Illuminate/Console/View/Components/Component.php(51): Termwind\\render()
#3 /mnt/c/laragon/www/duanreact/react-laravel-shopping/vendor/laravel/framework/src/Illuminate/Console/View/Components/Line.php(49): Illuminate\\Console\\View\\Components\\Component->renderView()
#4 /mnt/c/laragon/www/duanreact/react-laravel-shopping/vendor/laravel/framework/src/Illuminate/Console/View/Components/Info.php(18): Illuminate\\Console\\View\\Components\\Line->render()
#5 /mnt/c/laragon/www/duanreact/react-laravel-shopping/vendor/laravel/framework/src/Illuminate/Console/View/Components/Factory.php(56): Illuminate\\Console\\View\\Components\\Info->render()
#6 /mnt/c/laragon/www/duanreact/react-laravel-shopping/vendor/laravel/framework/src/Illuminate/Foundation/Console/ServeCommand.php(244): Illuminate\\Console\\View\\Components\\Factory->__call()
#7 /mnt/c/laragon/www/duanreact/react-laravel-shopping/vendor/laravel/framework/src/Illuminate/Collections/Traits/EnumeratesValues.php(236): Illuminate\\Foundation\\Console\\ServeCommand->Illuminate\\Foundation\\Console\\{closure}()
#8 /mnt/c/laragon/www/duanreact/react-laravel-shopping/vendor/laravel/framework/src/Illuminate/Foundation/Console/ServeCommand.php(291): Illuminate\\Support\\Collection->each()
#9 /mnt/c/laragon/www/duanreact/react-laravel-shopping/vendor/symfony/process/Process.php(1270): Illuminate\\Foundation\\Console\\ServeCommand->Illuminate\\Foundation\\Console\\{closure}()
#10 /mnt/c/laragon/www/duanreact/react-laravel-shopping/vendor/symfony/process/Process.php(1368): Symfony\\Component\\Process\\Process->Symfony\\Component\\Process\\{closure}()
#11 /mnt/c/laragon/www/duanreact/react-laravel-shopping/vendor/symfony/process/Process.php(1288): Symfony\\Component\\Process\\Process->readPipes()
#12 /mnt/c/laragon/www/duanreact/react-laravel-shopping/vendor/symfony/process/Process.php(836): Symfony\\Component\\Process\\Process->updateStatus()
#13 /mnt/c/laragon/www/duanreact/react-laravel-shopping/vendor/laravel/framework/src/Illuminate/Foundation/Console/ServeCommand.php(100): Symfony\\Component\\Process\\Process->isRunning()
#14 /mnt/c/laragon/www/duanreact/react-laravel-shopping/vendor/laravel/framework/src/Illuminate/Container/BoundMethod.php(36): Illuminate\\Foundation\\Console\\ServeCommand->handle()
#15 /mnt/c/laragon/www/duanreact/react-laravel-shopping/vendor/laravel/framework/src/Illuminate/Container/Util.php(41): Illuminate\\Container\\BoundMethod::Illuminate\\Container\\{closure}()
#16 /mnt/c/laragon/www/duanreact/react-laravel-shopping/vendor/laravel/framework/src/Illuminate/Container/BoundMethod.php(93): Illuminate\\Container\\Util::unwrapIfClosure()
#17 /mnt/c/laragon/www/duanreact/react-laravel-shopping/vendor/laravel/framework/src/Illuminate/Container/BoundMethod.php(37): Illuminate\\Container\\BoundMethod::callBoundMethod()
#18 /mnt/c/laragon/www/duanreact/react-laravel-shopping/vendor/laravel/framework/src/Illuminate/Container/Container.php(651): Illuminate\\Container\\BoundMethod::call()
#19 /mnt/c/laragon/www/duanreact/react-laravel-shopping/vendor/laravel/framework/src/Illuminate/Console/Command.php(182): Illuminate\\Container\\Container->call()
#20 /mnt/c/laragon/www/duanreact/react-laravel-shopping/vendor/symfony/console/Command/Command.php(312): Illuminate\\Console\\Command->execute()
#21 /mnt/c/laragon/www/duanreact/react-laravel-shopping/vendor/laravel/framework/src/Illuminate/Console/Command.php(152): Symfony\\Component\\Console\\Command\\Command->run()
#22 /mnt/c/laragon/www/duanreact/react-laravel-shopping/vendor/symfony/console/Application.php(1022): Illuminate\\Console\\Command->run()
#23 /mnt/c/laragon/www/duanreact/react-laravel-shopping/vendor/symfony/console/Application.php(314): Symfony\\Component\\Console\\Application->doRunCommand()
#24 /mnt/c/laragon/www/duanreact/react-laravel-shopping/vendor/symfony/console/Application.php(168): Symfony\\Component\\Console\\Application->doRun()
#25 /mnt/c/laragon/www/duanreact/react-laravel-shopping/vendor/laravel/framework/src/Illuminate/Console/Application.php(102): Symfony\\Component\\Console\\Application->run()
#26 /mnt/c/laragon/www/duanreact/react-laravel-shopping/vendor/laravel/framework/src/Illuminate/Foundation/Console/Kernel.php(155): Illuminate\\Console\\Application->run()
#27 /mnt/c/laragon/www/duanreact/react-laravel-shopping/artisan(37): Illuminate\\Foundation\\Console\\Kernel->handle()
#28 {main}
"} 
